<?xml version='1.0' encoding='UTF-8'?>
<testsuite hostname="ZCTKRIFAY004.local" name="funsets.FunSetSuite" tests="11" errors="0" failures="0" time="0.022">
                     <properties>
[...]
</properties>
                     <testcase classname="funsets.FunSetSuite" name="string take" time="0.01">
                                                 
                                               </testcase><testcase classname="funsets.FunSetSuite" name="adding ints" time="0.002">
                                                 
                                               </testcase><testcase classname="funsets.FunSetSuite" name="contains is implemented" time="0.001">
                                                 
                                               </testcase><testcase classname="funsets.FunSetSuite" name="singletonSet(1) contains 1" time="0.001">
                                                 
                                               </testcase><testcase classname="funsets.FunSetSuite" name="union contains all elements of each set" time="0.001">
                                                 
                                               </testcase><testcase classname="funsets.FunSetSuite" name="intersect contains all elements that are in both sets" time="0.0">
                                                 
                                               </testcase><testcase classname="funsets.FunSetSuite" name="diff contains all elements of s that are not in t" time="0.0">
                                                 
                                               </testcase><testcase classname="funsets.FunSetSuite" name="filter contains subset of s for which p holds" time="0.001">
                                                 
                                               </testcase><testcase classname="funsets.FunSetSuite" name="Forall returns whether all bounded integers within `s` satisfy `p`" time="0.002">
                                                 
                                               </testcase><testcase classname="funsets.FunSetSuite" name="Exists returns whether there exists a bounded integer within `s` that satisfies `p`" time="0.002">
                                                 
                                               </testcase><testcase classname="funsets.FunSetSuite" name="Map returns a set transformed by applying `f` to each element of `s`" time="0.002">
                                                 
                                               </testcase>
                     <system-out></system-out>
                     <system-err></system-err>
                   </testsuite>